<?xml version="1.0" encoding="UTF-8"?>
<!-- Generated by org.testng.reporters.JUnitReportReporter -->
<testsuite skipped="0" hostname="name" name="mavenpack.seliniumproject.checkbox1" tests="1" failures="0" timestamp="19 May 2021 10:09:35 GMT" time="45.586" errors="0">
  <testcase name="checkboxTest" time="45.586" classname="mavenpack.seliniumproject.checkbox1"/>
</testsuite> <!-- mavenpack.seliniumproject.checkbox1 -->
