<?xml version="1.0" encoding="UTF-8"?>
<!-- Generated by org.testng.reporters.JUnitReportReporter -->
<testsuite skipped="0" hostname="name" name="mavenpack.seliniumproject.NewTest" tests="1" failures="0" timestamp="10 Mar 2021 04:55:38 GMT" time="0.030" errors="0">
  <testcase name="f" time="0.030" classname="mavenpack.seliniumproject.NewTest"/>
</testsuite> <!-- mavenpack.seliniumproject.NewTest -->
