<?xml version="1.0" encoding="UTF-8"?>
<!-- Generated by org.testng.reporters.JUnitReportReporter -->
<testsuite skipped="0" hostname="name" name="pom.POM_002" tests="1" failures="0" timestamp="25 May 2021 05:24:08 GMT" time="44.811" errors="0">
  <testcase name="login" time="44.811" classname="pom.POM_002"/>
</testsuite> <!-- pom.POM_002 -->
