<?xml version="1.0" encoding="UTF-8"?>
<!-- Generated by org.testng.reporters.JUnitReportReporter -->
<testsuite skipped="0" hostname="name" name="switchesAndFraming.FileUpload" tests="1" failures="0" timestamp="26 Apr 2021 02:18:55 GMT" time="33.934" errors="0">
  <testcase name="fileupload" time="33.934" classname="switchesAndFraming.FileUpload"/>
</testsuite> <!-- switchesAndFraming.FileUpload -->
