<?xml version="1.0" encoding="UTF-8"?>
<!-- Generated by org.testng.reporters.JUnitReportReporter -->
<testsuite skipped="0" hostname="name" name="mavenpack.seliniumproject.TNG_001" tests="1" failures="0" timestamp="20 May 2021 11:12:51 GMT" time="0.011" errors="0">
  <testcase name="f" time="0.011" classname="mavenpack.seliniumproject.TNG_001"/>
</testsuite> <!-- mavenpack.seliniumproject.TNG_001 -->
