<?xml version="1.0" encoding="UTF-8"?>
<!-- Generated by org.testng.reporters.JUnitReportReporter -->
<testsuite skipped="0" hostname="name" name="switchesAndFraming.AlertHandling" tests="1" failures="0" timestamp="26 Apr 2021 02:10:59 GMT" time="8.938" errors="0">
  <testcase name="f" time="8.938" classname="switchesAndFraming.AlertHandling"/>
</testsuite> <!-- switchesAndFraming.AlertHandling -->
